<?xml version="1.0" encoding="UTF-8"?>
<!-- Generated by org.testng.reporters.JUnitReportReporter -->
<testsuite skipped="0" hostname="shree-PC" name="com.crm.VtigerTestScripts.CreateProductTest" tests="1" failures="0" timestamp="2022-03-22T20:01:56 IST" time="0.009" errors="0">
  <testcase name="createproduct" time="0.009" classname="com.crm.VtigerTestScripts.CreateProductTest"/>
  <system-out/>
</testsuite> <!-- com.crm.VtigerTestScripts.CreateProductTest -->
