<?xml version="1.0" encoding="UTF-8"?>
<!-- Generated by org.testng.reporters.JUnitReportReporter -->
<testsuite skipped="0" hostname="shree-PC" name="com.crm.VtigerTestScripts.CreateCampaignTest" tests="1" failures="0" timestamp="2022-03-23T12:18:20 IST" time="0.000" errors="0">
  <testcase name="createCampaign" time="0.000" classname="com.crm.VtigerTestScripts.CreateCampaignTest"/>
  <system-out/>
</testsuite> <!-- com.crm.VtigerTestScripts.CreateCampaignTest -->
