<?xml version="1.0" encoding="UTF-8"?>
<!-- Generated by org.testng.reporters.JUnitReportReporter -->
<testsuite skipped="0" hostname="shree-PC" name="com.crm.VtigerTestScripts.CreateOrgTest" tests="1" failures="0" timestamp="2022-03-22T20:16:59 IST" time="0.015" errors="0">
  <testcase name="createorg" time="0.015" classname="com.crm.VtigerTestScripts.CreateOrgTest"/>
  <system-out/>
</testsuite> <!-- com.crm.VtigerTestScripts.CreateOrgTest -->
